<?xml version="1.0" encoding="UTF-8"?>
<testng-results ignored="0" total="4" passed="4" failed="0" skipped="0">
  <reporter-output>
  </reporter-output>
  <suite started-at="2024-02-11T14:16:13 IST" name="Default suite" finished-at="2024-02-11T14:16:28 IST" duration-ms="14617">
    <groups>
    </groups>
    <test started-at="2024-02-11T14:16:13 IST" name="Default test" finished-at="2024-02-11T14:16:28 IST" duration-ms="14617">
      <class name="com.test.SeleniumTestRunner">
        <test-method is-config="true" signature="initialization()[pri:0, instance:com.test.SeleniumTestRunner@5b03b9fe]" started-at="2024-02-11T14:16:13 IST" name="initialization" finished-at="2024-02-11T14:16:18 IST" duration-ms="4836" status="PASS">
          <reporter-output>
          </reporter-output>
        </test-method> <!-- initialization -->
        <test-method signature="loginPage()[pri:1, instance:com.test.SeleniumTestRunner@5b03b9fe]" started-at="2024-02-11T14:16:18 IST" name="loginPage" finished-at="2024-02-11T14:16:25 IST" duration-ms="6587" status="PASS">
          <reporter-output>
          </reporter-output>
        </test-method> <!-- loginPage -->
        <test-method signature="registerPage()[pri:2, instance:com.test.SeleniumTestRunner@5b03b9fe]" started-at="2024-02-11T14:16:25 IST" name="registerPage" finished-at="2024-02-11T14:16:27 IST" duration-ms="1857" status="PASS">
          <reporter-output>
          </reporter-output>
        </test-method> <!-- registerPage -->
        <test-method signature="UserOperations()[pri:3, instance:com.test.SeleniumTestRunner@5b03b9fe]" started-at="2024-02-11T14:16:27 IST" name="UserOperations" finished-at="2024-02-11T14:16:27 IST" duration-ms="786" status="PASS">
          <reporter-output>
          </reporter-output>
        </test-method> <!-- UserOperations -->
        <test-method signature="AdminOperations()[pri:4, instance:com.test.SeleniumTestRunner@5b03b9fe]" started-at="2024-02-11T14:16:27 IST" name="AdminOperations" finished-at="2024-02-11T14:16:28 IST" duration-ms="503" status="PASS">
          <reporter-output>
          </reporter-output>
        </test-method> <!-- AdminOperations -->
      </class> <!-- com.test.SeleniumTestRunner -->
    </test> <!-- Default test -->
  </suite> <!-- Default suite -->
</testng-results>
