<?xml version="1.0" encoding="UTF-8"?>
<testsuite xmlns:xsi="http://www.w3.org/2001/XMLSchema-instance" xsi:noNamespaceSchemaLocation="https://maven.apache.org/surefire/maven-surefire-plugin/xsd/surefire-test-report-3.0.xsd" version="3.0" name="com.mhc.SbMhcApplicationTests" time="5.366" tests="1" errors="0" skipped="0" failures="0">
  <properties>
[...]
</properties>
  <testcase name="contextLoads" classname="com.mhc.SbMhcApplicationTests" time="0.632">
    <system-out><![CDATA[16:58:43.073 [main] INFO org.springframework.test.context.support.AnnotationConfigContextLoaderUtils -- Could not detect default configuration classes for test class [com.mhc.SbMhcApplicationTests]: SbMhcApplicationTests does not declare any static, non-private, non-final, nested classes annotated with @Configuration.
16:58:43.154 [main] INFO org.springframework.boot.test.context.SpringBootTestContextBootstrapper -- Found @SpringBootConfiguration com.mhc.SbMhcApplication for test class com.mhc.SbMhcApplicationTests
16:58:43.324 [main] INFO org.springframework.boot.devtools.restart.RestartApplicationListener -- Restart disabled due to context in which it is running

  .   ____          _            __ _ _
 /\\ / ___'_ __ _ _(_)_ __  __ _ \ \ \ \
( ( )\___ | '_ | '_| | '_ \/ _` | \ \ \ \
 \\/  ___)| |_)| | | | | || (_| |  ) ) ) )
  '  |____| .__|_| |_|_| |_\__, | / / / /
 =========|_|==============|___/=/_/_/_/
 :: Spring Boot ::                (v3.2.2)

2024-02-08T16:58:43.568+05:30  INFO 3024 --- [           main] com.mhc.SbMhcApplicationTests            : Starting SbMhcApplicationTests using Java 17.0.9 with PID 3024 (started by shaji.ba in D:\My Workspace\SB-MHC)
2024-02-08T16:58:43.569+05:30  INFO 3024 --- [           main] com.mhc.SbMhcApplicationTests            : No active profile set, falling back to 1 default profile: "default"
2024-02-08T16:58:44.222+05:30  INFO 3024 --- [           main] .s.d.r.c.RepositoryConfigurationDelegate : Bootstrapping Spring Data JPA repositories in DEFAULT mode.
2024-02-08T16:58:44.302+05:30  INFO 3024 --- [           main] .s.d.r.c.RepositoryConfigurationDelegate : Finished Spring Data repository scanning in 72 ms. Found 5 JPA repository interfaces.
2024-02-08T16:58:44.590+05:30  WARN 3024 --- [           main] trationDelegate$BeanPostProcessorChecker : Bean 'org.springframework.ws.config.annotation.DelegatingWsConfiguration' of type [org.springframework.ws.config.annotation.DelegatingWsConfiguration$$SpringCGLIB$$0] is not eligible for getting processed by all BeanPostProcessors (for example: not eligible for auto-proxying). The currently created BeanPostProcessor [annotationActionEndpointMapping] is declared through a non-static factory method on that class; consider declaring it as static instead.
2024-02-08T16:58:44.626+05:30  INFO 3024 --- [           main] .w.s.a.s.AnnotationActionEndpointMapping : Supporting [WS-Addressing August 2004, WS-Addressing 1.0]
2024-02-08T16:58:44.805+05:30  INFO 3024 --- [           main] o.hibernate.jpa.internal.util.LogHelper  : HHH000204: Processing PersistenceUnitInfo [name: default]
2024-02-08T16:58:44.897+05:30  INFO 3024 --- [           main] org.hibernate.Version                    : HHH000412: Hibernate ORM core version 6.4.1.Final
2024-02-08T16:58:44.950+05:30  INFO 3024 --- [           main] o.h.c.internal.RegionFactoryInitiator    : HHH000026: Second-level cache disabled
2024-02-08T16:58:45.318+05:30  INFO 3024 --- [           main] o.s.o.j.p.SpringPersistenceUnitInfo      : No LoadTimeWeaver setup: ignoring JPA class transformer
2024-02-08T16:58:45.350+05:30  INFO 3024 --- [           main] com.zaxxer.hikari.HikariDataSource       : HikariPool-1 - Starting...
2024-02-08T16:58:45.652+05:30  INFO 3024 --- [           main] com.zaxxer.hikari.pool.HikariPool        : HikariPool-1 - Added connection com.mysql.cj.jdbc.ConnectionImpl@7c5c20ed
2024-02-08T16:58:45.655+05:30  INFO 3024 --- [           main] com.zaxxer.hikari.HikariDataSource       : HikariPool-1 - Start completed.
2024-02-08T16:58:46.633+05:30  INFO 3024 --- [           main] o.h.e.t.j.p.i.JtaPlatformInitiator       : HHH000489: No JTA platform available (set 'hibernate.transaction.jta.platform' to enable JTA platform integration)
2024-02-08T16:58:46.714+05:30  INFO 3024 --- [           main] j.LocalContainerEntityManagerFactoryBean : Initialized JPA EntityManagerFactory for persistence unit 'default'
2024-02-08T16:58:47.278+05:30  WARN 3024 --- [           main] JpaBaseConfiguration$JpaWebConfiguration : spring.jpa.open-in-view is enabled by default. Therefore, database queries may be performed during view rendering. Explicitly configure spring.jpa.open-in-view to disable this warning
2024-02-08T16:58:47.621+05:30  INFO 3024 --- [           main] com.mhc.SbMhcApplicationTests            : Started SbMhcApplicationTests in 4.315 seconds (process running for 5.371)
]]></system-out>
  </testcase>
</testsuite>