<?xml version="1.0" encoding="UTF-8"?>
<!-- Generated by org.testng.reporters.JUnitXMLReporter -->
<testsuite ignored="0" hostname="RLP1631" failures="0" tests="4" name="Default test" time="14.617" errors="0" timestamp="2024-02-11T14:16:28 IST">
  <testcase classname="com.test.SeleniumTestRunner" name="loginPage" time="6.587"/>
  <testcase classname="com.test.SeleniumTestRunner" name="registerPage" time="1.857"/>
  <testcase classname="com.test.SeleniumTestRunner" name="UserOperations" time="0.786"/>
  <testcase classname="com.test.SeleniumTestRunner" name="AdminOperations" time="0.503"/>
</testsuite> <!-- Default test -->
